2013-09-28 00:53:24.552 AVFDemo[6235:c07] Multi-tasking -> Device: YES, App: YES
2013-09-28 00:53:24.786 AVFDemo[6235:c07] Resetting plugins due to page load.
2013-09-28 00:53:25.298 AVFDemo[6235:c07] Finished load of: file:///Users/ENG618-Mac/Library/Application%20Support/iPhone%20Simulator/6.1/Applications/A26554D1-FA43-42BD-B26B-AC04994E5719/AVFDemo.app/www/index.html
2013-09-28 00:53:25.332 AVFDemo[6235:c07] CDVPlugin class CDVDevice (pluginName: Device) does not exist.
2013-09-28 00:53:25.332 AVFDemo[6235:c07] ERROR: Plugin 'Device' not found, or is not a CDVPlugin. Check your plugin mapping in config.xml.
2013-09-28 00:53:25.333 AVFDemo[6235:c07] -[CDVCommandQueue executePending] [Line 116] FAILED pluginJSON = [
  "Device1072309329",
  "Device",
  "getDeviceInfo",
  [

  ]
]
2013-09-28 00:53:25.333 AVFDemo[6235:c07] CDVPlugin class CDVConnection (pluginName: NetworkStatus) does not exist.
2013-09-28 00:53:25.333 AVFDemo[6235:c07] ERROR: Plugin 'NetworkStatus' not found, or is not a CDVPlugin. Check your plugin mapping in config.xml.
2013-09-28 00:53:25.333 AVFDemo[6235:c07] -[CDVCommandQueue executePending] [Line 116] FAILED pluginJSON = [
  "NetworkStatus1072309330",
  "NetworkStatus",
  "getConnectionInfo",
  [

  ]
]
Terminating in response to SpringBoard's termination.
